{"/Users/valentinmagry/Documents/ECV/react-native/AwesomeProject/src/core/components/Header.tsx": {"path":"/Users/valentinmagry/Documents/ECV/react-native/AwesomeProject/src/core/components/Header.tsx","statementMap":{"0":{"start":{"line":3,"column":22},"end":{"line":10,"column":1}},"1":{"start":{"line":4,"column":2},"end":{"line":9,"column":4}},"2":{"start":{"line":12,"column":15},"end":{"line":31,"column":2}}},"fnMap":{"0":{"name":"(anonymous_0)","decl":{"start":{"line":3,"column":22},"end":{"line":3,"column":23}},"loc":{"start":{"line":3,"column":28},"end":{"line":10,"column":1}},"line":3}},"branchMap":{},"s":{"0":1,"1":1,"2":1},"f":{"0":1},"b":{},"_coverageSchema":"1a1c01bbd47fc00a2c39e90264f33305004495a9","hash":"22edc1e4315e8e49e6b3764b00a58284a8a9dd55"}
,"/Users/valentinmagry/Documents/ECV/react-native/AwesomeProject/src/core/constants/api.ts": {"path":"/Users/valentinmagry/Documents/ECV/react-native/AwesomeProject/src/core/constants/api.ts","statementMap":{"0":{"start":{"line":1,"column":29},"end":{"line":1,"column":54}},"1":{"start":{"line":3,"column":30},"end":{"line":3,"column":56}},"2":{"start":{"line":4,"column":30},"end":{"line":4,"column":56}},"3":{"start":{"line":6,"column":28},"end":{"line":6,"column":72}}},"fnMap":{},"branchMap":{},"s":{"0":1,"1":1,"2":1,"3":1},"f":{},"b":{},"_coverageSchema":"1a1c01bbd47fc00a2c39e90264f33305004495a9","hash":"fa43af828cfe7d025dff83713db679a3398edca2"}
,"/Users/valentinmagry/Documents/ECV/react-native/AwesomeProject/src/core/services/api.ts": {"path":"/Users/valentinmagry/Documents/ECV/react-native/AwesomeProject/src/core/services/api.ts","statementMap":{"0":{"start":{"line":3,"column":28},"end":{"line":26,"column":1}},"1":{"start":{"line":7,"column":18},"end":{"line":7,"column":31}},"2":{"start":{"line":8,"column":2},"end":{"line":8,"column":53}},"3":{"start":{"line":10,"column":21},"end":{"line":10,"column":58}},"4":{"start":{"line":11,"column":19},"end":{"line":11,"column":117}},"5":{"start":{"line":13,"column":15},"end":{"line":23,"column":6}},"6":{"start":{"line":20,"column":24},"end":{"line":20,"column":39}},"7":{"start":{"line":22,"column":6},"end":{"line":22,"column":37}},"8":{"start":{"line":25,"column":2},"end":{"line":25,"column":14}},"9":{"start":{"line":28,"column":27},"end":{"line":43,"column":1}},"10":{"start":{"line":29,"column":14},"end":{"line":29,"column":71}},"11":{"start":{"line":31,"column":15},"end":{"line":40,"column":6}},"12":{"start":{"line":32,"column":24},"end":{"line":32,"column":39}},"13":{"start":{"line":34,"column":27},"end":{"line":34,"column":60}},"14":{"start":{"line":36,"column":6},"end":{"line":36,"column":26}},"15":{"start":{"line":39,"column":6},"end":{"line":39,"column":37}},"16":{"start":{"line":42,"column":2},"end":{"line":42,"column":14}}},"fnMap":{"0":{"name":"(anonymous_0)","decl":{"start":{"line":3,"column":28},"end":{"line":3,"column":29}},"loc":{"start":{"line":6,"column":19},"end":{"line":26,"column":1}},"line":6},"1":{"name":"(anonymous_1)","decl":{"start":{"line":20,"column":10},"end":{"line":20,"column":11}},"loc":{"start":{"line":20,"column":24},"end":{"line":20,"column":39}},"line":20},"2":{"name":"(anonymous_2)","decl":{"start":{"line":21,"column":11},"end":{"line":21,"column":12}},"loc":{"start":{"line":21,"column":22},"end":{"line":23,"column":5}},"line":21},"3":{"name":"(anonymous_3)","decl":{"start":{"line":28,"column":27},"end":{"line":28,"column":28}},"loc":{"start":{"line":28,"column":90},"end":{"line":43,"column":1}},"line":28},"4":{"name":"(anonymous_4)","decl":{"start":{"line":32,"column":10},"end":{"line":32,"column":11}},"loc":{"start":{"line":32,"column":24},"end":{"line":32,"column":39}},"line":32},"5":{"name":"(anonymous_5)","decl":{"start":{"line":33,"column":10},"end":{"line":33,"column":11}},"loc":{"start":{"line":33,"column":20},"end":{"line":37,"column":5}},"line":33},"6":{"name":"(anonymous_6)","decl":{"start":{"line":38,"column":11},"end":{"line":38,"column":12}},"loc":{"start":{"line":38,"column":22},"end":{"line":40,"column":5}},"line":38}},"branchMap":{"0":{"loc":{"start":{"line":5,"column":2},"end":{"line":5,"column":24}},"type":"default-arg","locations":[{"start":{"line":5,"column":19},"end":{"line":5,"column":24}}],"line":5}},"s":{"0":1,"1":0,"2":0,"3":0,"4":0,"5":0,"6":0,"7":0,"8":0,"9":1,"10":0,"11":0,"12":0,"13":0,"14":0,"15":0,"16":0},"f":{"0":0,"1":0,"2":0,"3":0,"4":0,"5":0,"6":0},"b":{"0":[0]},"_coverageSchema":"1a1c01bbd47fc00a2c39e90264f33305004495a9","hash":"6fc92d7887e7b4dfe10ac09f77a0a1846fa215b1"}
,"/Users/valentinmagry/Documents/ECV/react-native/AwesomeProject/src/modules/weather/components/LocationInput.tsx": {"path":"/Users/valentinmagry/Documents/ECV/react-native/AwesomeProject/src/modules/weather/components/LocationInput.tsx","statementMap":{"0":{"start":{"line":12,"column":29},"end":{"line":38,"column":1}},"1":{"start":{"line":13,"column":41},"end":{"line":13,"column":53}},"2":{"start":{"line":14,"column":21},"end":{"line":14,"column":41}},"3":{"start":{"line":16,"column":31},"end":{"line":21,"column":3}},"4":{"start":{"line":18,"column":6},"end":{"line":18,"column":34}},"5":{"start":{"line":23,"column":31},"end":{"line":30,"column":12}},"6":{"start":{"line":24,"column":4},"end":{"line":29,"column":5}},"7":{"start":{"line":25,"column":6},"end":{"line":28,"column":9}},"8":{"start":{"line":26,"column":8},"end":{"line":26,"column":30}},"9":{"start":{"line":27,"column":8},"end":{"line":27,"column":39}},"10":{"start":{"line":32,"column":2},"end":{"line":37,"column":4}},"11":{"start":{"line":40,"column":15},"end":{"line":58,"column":2}}},"fnMap":{"0":{"name":"(anonymous_0)","decl":{"start":{"line":12,"column":29},"end":{"line":12,"column":30}},"loc":{"start":{"line":12,"column":35},"end":{"line":38,"column":1}},"line":12},"1":{"name":"(anonymous_1)","decl":{"start":{"line":17,"column":4},"end":{"line":17,"column":5}},"loc":{"start":{"line":17,"column":59},"end":{"line":19,"column":5}},"line":17},"2":{"name":"(anonymous_2)","decl":{"start":{"line":23,"column":43},"end":{"line":23,"column":44}},"loc":{"start":{"line":23,"column":49},"end":{"line":30,"column":3}},"line":23},"3":{"name":"(anonymous_3)","decl":{"start":{"line":25,"column":29},"end":{"line":25,"column":30}},"loc":{"start":{"line":25,"column":43},"end":{"line":28,"column":7}},"line":25}},"branchMap":{"0":{"loc":{"start":{"line":24,"column":4},"end":{"line":29,"column":5}},"type":"if","locations":[{"start":{"line":24,"column":4},"end":{"line":29,"column":5}},{"start":{},"end":{}}],"line":24}},"s":{"0":1,"1":2,"2":1,"3":0,"4":0,"5":0,"6":0,"7":0,"8":0,"9":0,"10":0,"11":1},"f":{"0":2,"1":0,"2":0,"3":0},"b":{"0":[0,0]},"_coverageSchema":"1a1c01bbd47fc00a2c39e90264f33305004495a9","hash":"fd513dca60501353ad51505d47fe4cd8db1a1241"}
,"/Users/valentinmagry/Documents/ECV/react-native/AwesomeProject/src/modules/weather/components/WeatherCard.tsx": {"path":"/Users/valentinmagry/Documents/ECV/react-native/AwesomeProject/src/modules/weather/components/WeatherCard.tsx","statementMap":{"0":{"start":{"line":13,"column":27},"end":{"line":28,"column":1}},"1":{"start":{"line":14,"column":15},"end":{"line":14,"column":74}},"2":{"start":{"line":14,"column":29},"end":{"line":14,"column":57}},"3":{"start":{"line":15,"column":18},"end":{"line":15,"column":51}},"4":{"start":{"line":15,"column":32},"end":{"line":15,"column":43}},"5":{"start":{"line":17,"column":2},"end":{"line":26,"column":4}},"6":{"start":{"line":30,"column":15},"end":{"line":61,"column":2}}},"fnMap":{"0":{"name":"(anonymous_0)","decl":{"start":{"line":13,"column":27},"end":{"line":13,"column":28}},"loc":{"start":{"line":13,"column":96},"end":{"line":28,"column":1}},"line":13},"1":{"name":"(anonymous_1)","decl":{"start":{"line":14,"column":23},"end":{"line":14,"column":24}},"loc":{"start":{"line":14,"column":29},"end":{"line":14,"column":57}},"line":14},"2":{"name":"(anonymous_2)","decl":{"start":{"line":15,"column":26},"end":{"line":15,"column":27}},"loc":{"start":{"line":15,"column":32},"end":{"line":15,"column":43}},"line":15}},"branchMap":{},"s":{"0":1,"1":1,"2":1,"3":1,"4":1,"5":1,"6":1},"f":{"0":1,"1":1,"2":1},"b":{},"_coverageSchema":"1a1c01bbd47fc00a2c39e90264f33305004495a9","hash":"fb66c6f1f2aeb6bacc64cddbd6585c343aac72a2"}
,"/Users/valentinmagry/Documents/ECV/react-native/AwesomeProject/src/modules/weather/providers/WeatherProvider.tsx": {"path":"/Users/valentinmagry/Documents/ECV/react-native/AwesomeProject/src/modules/weather/providers/WeatherProvider.tsx","statementMap":{"0":{"start":{"line":13,"column":23},"end":{"line":21,"column":2}},"1":{"start":{"line":27,"column":24},"end":{"line":37,"column":1}},"2":{"start":{"line":28,"column":34},"end":{"line":31,"column":4}},"3":{"start":{"line":32,"column":26},"end":{"line":32,"column":55}},"4":{"start":{"line":34,"column":17},"end":{"line":34,"column":114}},"5":{"start":{"line":34,"column":32},"end":{"line":34,"column":72}},"6":{"start":{"line":36,"column":2},"end":{"line":36,"column":86}},"7":{"start":{"line":39,"column":19},"end":{"line":39,"column":51}},"8":{"start":{"line":39,"column":25},"end":{"line":39,"column":51}}},"fnMap":{"0":{"name":"(anonymous_0)","decl":{"start":{"line":18,"column":15},"end":{"line":18,"column":16}},"loc":{"start":{"line":18,"column":21},"end":{"line":18,"column":23}},"line":18},"1":{"name":"(anonymous_1)","decl":{"start":{"line":20,"column":11},"end":{"line":20,"column":12}},"loc":{"start":{"line":20,"column":17},"end":{"line":20,"column":19}},"line":20},"2":{"name":"(anonymous_2)","decl":{"start":{"line":27,"column":24},"end":{"line":27,"column":25}},"loc":{"start":{"line":27,"column":50},"end":{"line":37,"column":1}},"line":27},"3":{"name":"(anonymous_3)","decl":{"start":{"line":34,"column":25},"end":{"line":34,"column":26}},"loc":{"start":{"line":34,"column":32},"end":{"line":34,"column":72}},"line":34},"4":{"name":"(anonymous_4)","decl":{"start":{"line":39,"column":19},"end":{"line":39,"column":20}},"loc":{"start":{"line":39,"column":25},"end":{"line":39,"column":51}},"line":39}},"branchMap":{},"s":{"0":1,"1":1,"2":0,"3":0,"4":0,"5":0,"6":0,"7":1,"8":2},"f":{"0":0,"1":0,"2":0,"3":0,"4":2},"b":{},"_coverageSchema":"1a1c01bbd47fc00a2c39e90264f33305004495a9","hash":"a08f63bba7159d98c26980cbd37aa7fcc07080a2"}
,"/Users/valentinmagry/Documents/ECV/react-native/AwesomeProject/src/modules/weather/services/weather_display.ts": {"path":"/Users/valentinmagry/Documents/ECV/react-native/AwesomeProject/src/modules/weather/services/weather_display.ts","statementMap":{"0":{"start":{"line":1,"column":30},"end":{"line":54,"column":1}},"1":{"start":{"line":2,"column":2},"end":{"line":53,"column":3}},"2":{"start":{"line":4,"column":6},"end":{"line":4,"column":138}},"3":{"start":{"line":6,"column":6},"end":{"line":6,"column":138}},"4":{"start":{"line":8,"column":6},"end":{"line":8,"column":138}},"5":{"start":{"line":10,"column":6},"end":{"line":10,"column":138}},"6":{"start":{"line":13,"column":6},"end":{"line":13,"column":138}},"7":{"start":{"line":15,"column":6},"end":{"line":15,"column":138}},"8":{"start":{"line":20,"column":6},"end":{"line":20,"column":138}},"9":{"start":{"line":25,"column":6},"end":{"line":25,"column":138}},"10":{"start":{"line":31,"column":6},"end":{"line":31,"column":138}},"11":{"start":{"line":35,"column":6},"end":{"line":35,"column":138}},"12":{"start":{"line":37,"column":6},"end":{"line":37,"column":138}},"13":{"start":{"line":40,"column":6},"end":{"line":40,"column":138}},"14":{"start":{"line":42,"column":6},"end":{"line":42,"column":138}},"15":{"start":{"line":45,"column":6},"end":{"line":45,"column":138}},"16":{"start":{"line":49,"column":6},"end":{"line":49,"column":138}},"17":{"start":{"line":52,"column":6},"end":{"line":52,"column":16}},"18":{"start":{"line":57,"column":22},"end":{"line":86,"column":1}},"19":{"start":{"line":59,"column":2},"end":{"line":61,"column":3}},"20":{"start":{"line":60,"column":4},"end":{"line":60,"column":26}},"21":{"start":{"line":63,"column":15},"end":{"line":63,"column":25}},"22":{"start":{"line":64,"column":2},"end":{"line":64,"column":37}},"23":{"start":{"line":65,"column":20},"end":{"line":65,"column":33}},"24":{"start":{"line":67,"column":2},"end":{"line":84,"column":3}},"25":{"start":{"line":69,"column":6},"end":{"line":69,"column":24}},"26":{"start":{"line":71,"column":6},"end":{"line":71,"column":21}},"27":{"start":{"line":73,"column":6},"end":{"line":73,"column":21}},"28":{"start":{"line":75,"column":6},"end":{"line":75,"column":24}},"29":{"start":{"line":77,"column":6},"end":{"line":77,"column":21}},"30":{"start":{"line":79,"column":6},"end":{"line":79,"column":24}},"31":{"start":{"line":81,"column":6},"end":{"line":81,"column":22}},"32":{"start":{"line":83,"column":6},"end":{"line":83,"column":16}}},"fnMap":{"0":{"name":"(anonymous_0)","decl":{"start":{"line":1,"column":30},"end":{"line":1,"column":31}},"loc":{"start":{"line":1,"column":56},"end":{"line":54,"column":1}},"line":1},"1":{"name":"(anonymous_1)","decl":{"start":{"line":57,"column":22},"end":{"line":57,"column":23}},"loc":{"start":{"line":57,"column":47},"end":{"line":86,"column":1}},"line":57}},"branchMap":{"0":{"loc":{"start":{"line":2,"column":2},"end":{"line":53,"column":3}},"type":"switch","locations":[{"start":{"line":3,"column":4},"end":{"line":4,"column":138}},{"start":{"line":5,"column":4},"end":{"line":6,"column":138}},{"start":{"line":7,"column":4},"end":{"line":8,"column":138}},{"start":{"line":9,"column":4},"end":{"line":10,"column":138}},{"start":{"line":12,"column":4},"end":{"line":13,"column":138}},{"start":{"line":14,"column":4},"end":{"line":15,"column":138}},{"start":{"line":17,"column":4},"end":{"line":17,"column":12}},{"start":{"line":18,"column":4},"end":{"line":18,"column":12}},{"start":{"line":19,"column":4},"end":{"line":20,"column":138}},{"start":{"line":22,"column":4},"end":{"line":22,"column":12}},{"start":{"line":23,"column":4},"end":{"line":23,"column":12}},{"start":{"line":24,"column":4},"end":{"line":25,"column":138}},{"start":{"line":27,"column":4},"end":{"line":27,"column":12}},{"start":{"line":28,"column":4},"end":{"line":28,"column":12}},{"start":{"line":29,"column":4},"end":{"line":29,"column":12}},{"start":{"line":30,"column":4},"end":{"line":31,"column":138}},{"start":{"line":33,"column":4},"end":{"line":33,"column":12}},{"start":{"line":34,"column":4},"end":{"line":35,"column":138}},{"start":{"line":36,"column":4},"end":{"line":37,"column":138}},{"start":{"line":39,"column":4},"end":{"line":40,"column":138}},{"start":{"line":41,"column":4},"end":{"line":42,"column":138}},{"start":{"line":44,"column":4},"end":{"line":45,"column":138}},{"start":{"line":47,"column":4},"end":{"line":47,"column":12}},{"start":{"line":48,"column":4},"end":{"line":49,"column":138}},{"start":{"line":51,"column":4},"end":{"line":52,"column":16}}],"line":2},"1":{"loc":{"start":{"line":59,"column":2},"end":{"line":61,"column":3}},"type":"if","locations":[{"start":{"line":59,"column":2},"end":{"line":61,"column":3}},{"start":{},"end":{}}],"line":59},"2":{"loc":{"start":{"line":67,"column":2},"end":{"line":84,"column":3}},"type":"switch","locations":[{"start":{"line":68,"column":4},"end":{"line":69,"column":24}},{"start":{"line":70,"column":4},"end":{"line":71,"column":21}},{"start":{"line":72,"column":4},"end":{"line":73,"column":21}},{"start":{"line":74,"column":4},"end":{"line":75,"column":24}},{"start":{"line":76,"column":4},"end":{"line":77,"column":21}},{"start":{"line":78,"column":4},"end":{"line":79,"column":24}},{"start":{"line":80,"column":4},"end":{"line":81,"column":22}},{"start":{"line":82,"column":4},"end":{"line":83,"column":16}}],"line":67}},"s":{"0":1,"1":1,"2":1,"3":0,"4":0,"5":0,"6":0,"7":0,"8":0,"9":0,"10":0,"11":0,"12":0,"13":0,"14":0,"15":0,"16":0,"17":0,"18":1,"19":1,"20":1,"21":0,"22":0,"23":0,"24":0,"25":0,"26":0,"27":0,"28":0,"29":0,"30":0,"31":0,"32":0},"f":{"0":1,"1":1},"b":{"0":[1,0,0,0,0,0,0,0,0,0,0,0,0,0,0,0,0,0,0,0,0,0,0,0,0],"1":[1,0],"2":[0,0,0,0,0,0,0,0]},"_coverageSchema":"1a1c01bbd47fc00a2c39e90264f33305004495a9","hash":"b216dbc12e24784020cfbcf02288b44b74e23c96"}
}
